2025-04-13 22:37:00,120 - ERROR - Failed to connect to BMS: could not open port 'COM1': FileNotFoundError(2, 'The system cannot find the file specified.', None, 2)
2025-05-02 10:56:27,835 - ERROR - Failed to connect to BMS: could not open port 'COM1': FileNotFoundError(2, 'The system cannot find the file specified.', None, 2)
2025-05-04 21:47:01,730 - INFO - === BMS Application Starting ===
2025-05-07 10:12:54,074 - INFO - === BMS Application Starting ===
2025-05-07 10:13:24,368 - INFO - === BMS Application Starting ===
2025-05-07 10:21:07,271 - INFO - === BMS Application Starting ===
2025-05-07 10:22:13,965 - INFO - === BMS Application Starting ===
2025-05-07 10:25:33,761 - INFO - === BMS Application Starting ===
2025-05-14 04:46:54,473 - INFO - === BMS Application Starting ===
2025-05-14 04:46:58,395 - ERROR - Hardware not available
2025-05-14 04:50:06,862 - INFO - === BMS Application Starting ===
2025-05-14 04:50:16,971 - ERROR - Hardware not available
2025-05-14 10:31:58,885 - INFO - === BMS Application Starting ===
2025-05-14 10:32:02,938 - INFO - Using simulated data for testing
2025-05-14 10:32:35,968 - INFO - BMS Connection closed
2025-05-14 10:35:22,218 - INFO - === BMS Application Starting ===
2025-05-14 10:35:24,877 - INFO - Using simulated data for testing
2025-05-14 10:36:01,901 - INFO - BMS Connection closed
2025-05-14 10:37:54,891 - INFO - === BMS Application Starting ===
2025-05-14 10:43:57,236 - INFO - === BMS Application Starting ===
2025-05-14 10:44:00,898 - INFO - Using simulated data for testing
2025-05-14 11:19:03,353 - INFO - === BMS Application Starting ===
2025-05-14 11:19:13,623 - INFO - Using simulated data for testing
2025-05-14 11:23:16,724 - INFO - BMS Connection closed
2025-05-14 11:24:37,394 - INFO - === BMS Application Starting ===
2025-05-14 11:24:41,543 - INFO - Using simulated data for testing
2025-05-14 11:41:00,675 - INFO - === BMS Application Starting ===
2025-05-14 11:41:07,461 - INFO - Using simulated data for testing
2025-05-14 12:10:34,446 - INFO - === BMS Application Starting ===
2025-05-14 12:10:41,287 - INFO - Using simulated data for testing
2025-05-16 10:56:30,169 - INFO - === BMS Application Starting ===
2025-05-16 10:56:33,762 - INFO - Using simulated data for testing
2025-05-16 11:02:53,381 - INFO - === BMS Application Starting ===
2025-05-16 11:02:59,062 - INFO - Using simulated data for testing
2025-05-16 11:04:02,118 - INFO - BMS Connection closed
2025-05-16 11:40:49,112 - INFO - === BMS Application Starting ===
2025-05-16 11:40:51,007 - WARNING - No hardware detected. Please connect actual hardware.
2025-05-16 11:40:55,866 - WARNING - No hardware detected. Please connect actual hardware.
2025-05-16 11:41:36,300 - INFO - === BMS Application Starting ===
2025-05-16 11:41:38,769 - INFO - Using simulated data for testing
2025-05-16 11:42:07,433 - INFO - === BMS Application Starting ===
2025-05-16 11:42:10,051 - INFO - Using simulated data for testing
2025-05-16 12:16:18,065 - INFO - === BMS Application Starting ===
2025-05-16 12:16:20,051 - INFO - Using simulated data for testing
2025-05-16 12:23:01,956 - INFO - === BMS Application Starting ===
2025-05-16 12:23:04,029 - INFO - Using simulated data for testing
2025-05-16 12:26:34,105 - INFO - === BMS Application Starting ===
2025-05-16 12:26:37,454 - INFO - Using simulated data for testing
2025-05-16 12:26:58,467 - INFO - BMS Connection closed
